<?xml version="1.0" encoding="UTF-8"?>
<!-- Generated by org.testng.reporters.JUnitReportReporter -->
<testsuite hostname="DESKTOP-DS1JQN3" failures="0" tests="3" name="resttesting1.Trello" time="5.218" errors="0" timestamp="15 Mar 2022 08:59:05 GMT">
  <testcase classname="resttesting1.Trello" name="DeleteBoard" time="0.839"/>
  <testcase classname="resttesting1.Trello" name="getBoard" time="0.626"/>
  <testcase classname="resttesting1.Trello" name="createBoard" time="3.753"/>
</testsuite> <!-- resttesting1.Trello -->
