<?xml version="1.0" encoding="UTF-8"?>
<!-- Generated by org.testng.reporters.JUnitReportReporter -->
<testsuite hostname="DESKTOP-DS1JQN3" failures="0" tests="2" name="resttesting1.E_Commerce" time="11.100" errors="0" timestamp="16 Mar 2022 05:45:37 GMT">
  <testcase classname="resttesting1.E_Commerce" name="signup" time="7.300"/>
  <testcase classname="resttesting1.E_Commerce" name="Login" time="3.800"/>
</testsuite> <!-- resttesting1.E_Commerce -->
