<?xml version="1.0" encoding="UTF-8"?>
<!-- Generated by org.testng.reporters.JUnitReportReporter -->
<testsuite hostname="DESKTOP-DS1JQN3" failures="0" tests="2" name="RESTTESTING.TestNG" time="0.006" errors="0" timestamp="15 Mar 2022 06:26:21 GMT">
  <testcase classname="RESTTESTING.TestNG" name="TestCase1" time="0.004"/>
  <testcase classname="RESTTESTING.TestNG" name="TestCase2" time="0.002"/>
</testsuite> <!-- RESTTESTING.TestNG -->
