<?xml version="1.0" encoding="UTF-8"?>
<!-- Generated by org.testng.reporters.JUnitReportReporter -->
<testsuite hostname="DESKTOP-DS1JQN3" name="resttesting1.E_Commerce" tests="2" failures="0" timestamp="16 Mar 2022 15:21:07 GMT" time="10.962" errors="0">
  <testcase name="signup" time="7.048" classname="resttesting1.E_Commerce"/>
  <testcase name="Login" time="3.914" classname="resttesting1.E_Commerce"/>
</testsuite> <!-- resttesting1.E_Commerce -->
