<?xml version="1.0" encoding="UTF-8"?>
<!-- Generated by org.testng.reporters.JUnitReportReporter -->
<testsuite hostname="DESKTOP-DS1JQN3" failures="0" tests="3" name="resttesting1.Trello" time="6.455" errors="0" timestamp="16 Mar 2022 07:26:32 GMT">
  <testcase classname="resttesting1.Trello" name="createBoard" time="4.954"/>
  <testcase classname="resttesting1.Trello" name="DeleteBoard" time="0.829"/>
  <testcase classname="resttesting1.Trello" name="getBoard" time="0.672"/>
</testsuite> <!-- resttesting1.Trello -->
